Example List of Servers:

id) Name (location) [distance]
10166) CenturyLink (Spokane, WA, United States) [4.56 km]
27449) Cutting Edge Communications, Inc (Spokane, WA, United States) [4.56 km]
30283) NW Fiber, LLC (Colfax, Wa, United States) [91.19 km]
13447) First Step Internet, LLC (Moscow, ID, United States) [112.46 km]
 5200) Columbia Basin Broadband Corp. (Trail, BC, Canada) [156.54 km]
15300) iFIBER Communications (Ephrata, WA, United States) [163.95 km]
17701) Columbia iConnect (Walla Walla, WA, US) [193.86 km]
 4142) Columbia Wireless Inc (Nelson, BC, Canada) [200.63 km]
15603) AirBridge Broadband (Kooskia, ID, United States) [205.36 km]
21227) xyTel Inc (Kennewick, WA, United States) [209.07 km]
11407) LocalTel Communications (Wenatchee, WA, United States) [215.93 km]
 4686) Columbia Basin Broadband Corporation (Cranbrook, BC, Canada) [236.25 km]
 3126) Pendleton Fiber (Pendleton, OR, United States) [247.67 km]
 1928) Eastern Oregon Telecom (Hermiston, OR, United States) [250.10 km]
21441) Noel Communications (Yakima, WA, United States) [261.95 km]
25239) Washington Broadband (Yakima, WA, United States) [261.95 km]
 4082) Eastern Oregon Net, Inc. (La Grande, OR, United States) [268.40 km]
 4241) Shaw Communications (Kelowna, BC, Canada) [284.00 km]
29820) Bluespan (Easton, WA, United States) [285.69 km]
 5858) Spectrum (Missoula, MT, United States) [290.91 km]
14478) Blackfoot (Missoula, MT, United States) [290.91 km]
 4397) Cybernet1 Inc. (Hamilton, MT, United States) [296.51 km]
31467) Frontier (Everett, WA, United States) [356.75 km]
 3581) Mascon Cable Systems Inc (Salmon Arm, BC, Canada) [359.51 km]
16685) CCleaner (Tukwilla, WA, United States) [362.39 km]
14232) Frontier (Seattle, WA, United States) [366.54 km]
 8864) CenturyLink (Seattle, WA, United States) [366.54 km]
10395) Speedtest.net (Seattle, WA, United States) [366.54 km]
 6199) Wowrack (Seattle, WA, United States) [366.54 km]
 1782) Comcast (Seattle, WA, United States) [366.54 km]
22168) Whitesky Communications (Seattle, WA, United States) [366.54 km]
11329) Green House Data, Inc (Seattle, WA, United States) [366.54 km]
 5033) AT&T (Seattle, WA, United States) [366.54 km]
 6057) Accretive Networks (Seattle, WA, United States) [366.54 km]
26805) Rock Island Communications (Seattle, WA, United States) [366.54 km]
25423) iboss (Seattle, WA, United States) [366.54 km]
18271) Bluespan (Seattle, WA, United States) [366.54 km]
 5904) Metapeer (Seattle, WA, United States) [366.54 km]
 6029) fdcservers.net (Seattle, WA, United States) [366.54 km]
 8879) Sprint (Seattle, WA, United States) [366.54 km]
29023) Hyper Expert, LLC (Seattle, WA, United States) [366.54 km]
10068) Monashee Mountain Multimedia (Revelstoke, BC, Canada) [370.94 km]
 9551) Whidbey Telecom (Langley, WA, United States) [372.34 km]
24770) Net253, LLC (Bainbridge Island, WA, United States) [380.56 km]
 1192) Rainier Connect (Tacoma, WA, United States) [380.65 km]
13657) Sprint (Tacoma, WA, United States) [380.65 km]
 4063) Gorge Networks (Hood River, OR, United States) [381.96 km]
18532) Wave (Port Orchard, WA, United States) [389.81 km]
11142) Green House Data (Bellingham, WA, United States) [390.82 km]
16342) Central Kitsap School District (Silverdale, WA, United States) [393.46 km]
31110) City of Anacortes (Anacortes, WA, United States) [394.54 km]
14225) Whipcord (Lethbridge, AB, Canada) [403.71 km]
 8947) Farmers Mutual Telephone Company (Fruitland, ID, United States) [412.41 km]
21653) as26370 (Lopez Island, WA, United States) [416.51 km]
10150) CenturyLink (Helena, MT, United States) [427.21 km]
21385) Montana Internet Corporation (Helena, MT, United States) [427.21 km]
 7878) The Fusion Network (Helena, MT, United States) [427.21 km]
 2556) Delta Cable (Delta, BC, Canada) [443.10 km]
14487) Urbanfibre (Burnaby, BC, Canada) [443.20 km]
 9366) Sureline Broadband (Madras, OR, United States) [443.64 km]
15094) Velocity Networks (Cochrane, AB, Canada) [443.71 km]
17399) Bell Mobility (Calgary, AB, Canada) [445.14 km]
17555) TELUS Mobility (Calgary, AB, Canada) [445.14 km]
19445) Rogers (Calgary, AB, Canada) [445.14 km]
 4392) TELUS (Calgary, AB, Canada) [445.35 km]
 4207) Shaw Communications (Calgary, AB, Canada) [445.35 km]
 4637) Cybera (Calgary, AB, Canada) [445.35 km]
27864) Corridor Communications Inc. (Calgary, AB, Canada) [445.35 km]
 4240) Shaw Communications (Victoria, BC, Canada) [447.57 km]
 8008) JUCE Communications (Victoria, BC, Canada) [447.57 km]
30449) SandyNet (Sandy, OR, United States) [449.00 km]
 1744) Reliance Connects (Estacada, OR, United States) [449.69 km]
16781) TELUS Mobility (Vancouver, BC, Canada) [452.20 km]
 3049) TELUS (Vancouver, BC, Canada) [452.20 km]
17402) Bell Mobility (Vancouver, BC, Canada) [452.20 km]
 4243) Shaw Communications (Vancouver, BC, Canada) [452.20 km]
17168) Frontier Networks Inc (Vancouver, BC, Canada) [452.20 km]
 3318) Skyway West Business Internet Services (Vancouver, BC, Canada) [452.20 km]
19703) The University of British Columbia (Vancouver, BC, Canada) [452.20 km]
22207) BCNET (Vancouver, BC, Canada) [452.20 km]
 7419) TeraGo Networks (Vancouver, BC, Canada) [452.20 km]
 5305) TekSavvy Solutions Inc (Vancouver, BC, Canada) [452.20 km]
 8836) Rogers (Vancouver, BC, Canada) [452.20 km]
30165) The Government of British Columbia (Vancouver, BC, Canada) [452.20 km]
 9198) The College of Idaho (Caldwell, ID, United States) [452.54 km]
32397) Astute Internet (Vancouver, BC, Canada) [454.05 km]
 1456) Syringa Networks (Boise, ID, United States) [463.72 km]
10133) CenturyLink (Boise, ID, United States) [463.72 km]
14088) Tekfinity (Boise, ID, United States) [463.72 km]
10162) CenturyLink (Portland, OR, United States) [467.20 km]
 1780) Comcast (Portland, OR, United States) [467.20 km]
16252) Allstream (Portland, OR, United States) [467.20 km]
 6215) LS Networks (Portland, OR, United States) [467.20 km]
 6101) Stephouse Networks (Portland, OR, United States) [467.20 km]
29938) FIBERFI (Portland, OR, United States) [467.20 km]
 6531) SilverStarTelecom (Portland, OR, United States) [467.20 km]
13314) DirectLink (Canby, OR, United States) [484.74 km]
16961) BendTel Inc. (Bend, OR, US) [503.72 km]
28824) EIDNet (Brooks, AB, Canada) [513.78 km]
31362) O-NET (Olds, AB, Canada) [514.23 km]
 3652) OnlineNW (McMinnville, OR, United States) [520.48 km]
11976) Stayton Telephone (Stayton, OR, United States) [522.64 km]
22683) The Global Net (Belgrade, MT, United States) [522.74 km]
25011) ViserFiber (Turner, OR, United States) [529.30 km]
 3185) Montana State University (Bozeman, MT, United States) [537.22 km]
  783) Montana Opticom LLC (Bozeman, MT, United States) [537.22 km]
25719) Minet Fiber (Monmouth, OR, United States) [546.36 km]
 8092) Hy-Tek Computers (Rocky Mountain House, AB, Canada) [550.14 km]
 1159) PEAK Internet (Corvallis, OR, United States) [568.25 km]
24623) Alyrica Networks (Philomath, OR, United States) [576.01 km]
17358) CenturyLink (Eugene, OR, United States) [595.98 km]
11649) XS Media (Eugene, OR, United States) [595.98 km]
 5593) Brigham Young University - Idaho (Rexburg, ID, United States) [615.23 km]
15922) City of Rexburg (Rexburg, ID, United States) [615.23 km]
20879) City of Rigby (Rigby, ID, United States) [619.86 km]
24324) QWK.net (Idaho Falls, ID, United States) [628.83 km]
 1442) Syringa Networks (Idaho Falls, ID, United States) [628.83 km]
 9165) Sparklight (Idaho Falls, ID, United States) [628.83 km]
15756) Sumo Fiber (Ammon, ID, United States) [634.14 km]
 8964) Fybercom Fiber Speed (Ammon, ID, United States) [634.14 km]
 6262) City of Ammon (Ammon, ID, United States) [634.14 km]
32442) Rimrock Wireless (Ammon, ID, United States) [634.14 km]
30365) Simply Cyber Internet (Burley, ID, United States) [641.28 km]
11640) Eastlink (Wetaskiwin, AB, Canada) [653.12 km]
32266) ATC Communications (Albion, ID, United States) [661.31 km]
 4109) Direct Communications (Rockland, ID, United States) [672.72 km]
 8406) Douglas Fast Net (Roseburg, OR, United States) [678.69 km]
 1446) FireServe, LLC (Klamath Falls, OR, United States) [697.69 km]
21236) EPL (Edmonton, AB, Canada) [706.92 km]
 3050) Telus (Edmonton, AB, Canada) [706.93 km]
 4242) Shaw Communications (Edmonton, AB, Canada) [706.93 km]
22773) Wolfpaw Datacentres (Edmonton, AB, Canada) [706.93 km]
10465) University of Alberta (Edmonton, AB, Canada) [706.93 km]
15736) Switch Inc. (Edmonton, AB, Canada) [706.93 km]
32566) MacEwan University (Edmonton, AB, Canada) [706.93 km]
10131) CenturyLink (Billings, MT, United States) [710.42 km]
 5856) Spectrum (Billings, MT, United States) [710.42 km]
 2470) Montana Opticom LLC (Billings, MT, United States) [710.42 km]
 1663) Cal-Ore Communications (Dorris, CA, United States) [728.56 km]
10964) Hunter Communications (Central Point, OR, United States) [731.35 km]
 2407) Spectrum (Medford, OR, United States) [733.98 km]
 1416) TCT (Cody, WY, United States) [735.79 km]
16667) Silver Star Communications (Afton, WY, United States) [751.64 km]
15295) Wi-Fiber, Inc. (Logan, UT, United States) [796.84 km]
 5800) Siskiyou Telephone (Fort Jones, CA, United States) [800.41 km]
 7876) Nemont (Glasgow, MT, United States) [805.94 km]
 8854) 600Amps Internet Services, Inc. (Brookings, OR, United States) [827.05 km]
 7551) GorillaServers.com (Ogden, UT, United States) [840.18 km]
22390) ZX4 (Ogden, UT, United States) [840.18 km]
11573) Advanced Communications Technology (Sheridan, WY, United States) [867.41 km]
 5459) Wind River Internet (Riverton, WY, United States) [876.03 km]
 7000) NGL Connection (Evanston, WY, United States) [880.19 km]
 6876) Beehive Broadband (Lake Point, UT, United States) [882.29 km]
19133) Shasta County Office of Education (Redding, CA, United States) [883.04 km]
12009) FirstDigital Telecom (Salt Lake City, UT, United States) [889.96 km]
12652) XMission (Salt Lake City, UT, United States) [889.96 km]
 2065) Utah Education Network (Salt Lake City, UT, United States) [889.96 km]
 2206) UTOPIA (Salt Lake City, UT, United States) [889.96 km]
 2185) Sumo Fiber (Salt Lake City, UT, United States) [889.96 km]
16251) Allstream (Salt Lake City, UT, United States) [889.96 km]
 4178) Syringa Networks (Salt Lake City, UT, United States) [889.96 km]
 4272) Vivint Wireless (Salt Lake City, UT, United States) [889.96 km]
 8863) CenturyLink (Salt Lake City, UT, United States) [889.96 km]
 1781) Comcast (Salt Lake City, UT, United States) [889.96 km]
10678) Voonami, Inc. (Salt Lake City, UT, United States) [889.96 km]
12927) SenaWave (Salt Lake City, UT, United States) [889.96 km]
10116) ActivePBX (Salt Lake City, UT, United States) [889.96 km]
12557) 1Wire Fiber (Salt Lake City, UT, United States) [889.96 km]
23639) UTOPIA Fiber (Murray, UT, United States) [897.96 km]
19272) Union Wireless (Lyman, WY, United States) [906.38 km]
27597) HiCountryNet Fiber (Herriman, UT, United States) [907.51 km]
 5410) DigitalPath, Inc (Quincy, CA, United States) [907.61 km]
 1502) BlackSun Inc. (Saskatoon, SK, Canada) [913.25 km]
 1248) Access Communications Co-operative Limited (Saskatoon, SK, Canada) [913.25 km]
22212) Wicked Fast Internet (Park City, UT, United States) [915.62 km]
15985) All West Communications (Kamas, UT, United States) [924.96 km]
 2408) Spectrum (Reno, NV, United States) [925.28 km]
13528) Switch (Reno, NV, United States) [925.28 km]
13269) Direct Communications - Cedar Valley (Eagle Mountain, UT, United States) [928.43 km]
 5745) Avative Fiber (Saratoga Springs, UT, United States) [930.85 km]
 5427) Suddenlink Communications LLC (Eureka, CA, United States) [934.58 km]
12770) Visionary Communications, Inc. (Rock Springs, WY, United States) [939.12 km]
19165) Home User (Orem, UT, United States) [942.04 km]
 4793) Brigham Young University (Provo, UT, United States) [948.51 km]
 5411) DigitalPath, Inc (Chico, CA, United States) [952.46 km]
22871) Spanish Fork Fiber Network (Spanish Fork, UT, United States) [961.56 km]
 4198) SaskTel (Regina, SK, Canada) [982.19 km]
 8200) Access Communications Co-operative Limited (Regina, SK, Canada) [982.19 km]
27535) SPYR Network (Regina, SK, Canada) [982.19 km]
 3879) SmarterBroadband, INC (Grass Valley, CA, United States) [986.82 km]
10038) Visionary Communications, Inc. (Gillette, WY, United States) [995.84 km]
12994) Campbell County School District (Gillette, WY, United States) [995.84 km]
 2119) Collins Communications Inc. (Gillette, WY, United States) [995.84 km]
 6832) STRATA Networks (Roosevelt, UT, United States) [1014.72 km]
 1938) Smarterbroadband, Inc (Auburn, CA, United States) [1021.47 km]
 5857) Spectrum (Casper, WY, United States) [1021.54 km]
11591) Visionary Communications, Inc. (Casper, WY, United States) [1021.54 km]
 2874) Mountain West (Casper, WY, United States) [1021.54 km]
19131) Midco (Williston, ND, United States) [1028.95 km]
17380) Snow College (Ephraim, UT, US) [1039.68 km]
15355) Emery Telcom (Price, UT, United States) [1045.77 km]
 8618) Northwest Communications Coop (Ray, ND, United States) [1062.52 km]
 9436) Comcast (Sacramento, CA, United States) [1067.56 km]
14328) QTS Data Centers (Sacramento, CA, United States) [1067.56 km]
 7760) Succeed.Net (Sacramento, CA, United States) [1067.56 km]
 4443) CityWest Cable and Telephone (Terrace, BC, Canada) [1084.71 km]
10485) Rio Blanco Broadband (Rangely, CO, United States) [1091.75 km]
 7923) Further Reach (Manchester, CA, United States) [1093.36 km]
 3801) Softcom Internet Communications (Galt, CA, United States) [1095.68 km]
12787) Consolidated Telcom (Dickinson, ND, United States) [1107.05 km]
15789) Sprint (Stockton, CA, United States) [1127.38 km]
14648) Ayera Technologies, Inc. (Manteca, CA, United States) [1142.97 km]
  577) CityWest Cable and Tele (Prince Rupert, BC, Canada) [1160.52 km]
 9826) Wyoming Wireless Internet (Wheatland, WY, United States) [1164.89 km]
27103) OpenFiber (Emeryville, CA, United States) [1164.96 km]
31420) OpenFiber Inc. (Oakland, CA, United States) [1168.17 km]
20279) South Central Communications (Panguitch, UT, United States) [1168.98 km]
  285) South Central Internet (Cedar City, UT, United States) [1168.98 km]
 7031) Midco (Rapid City, SD, United States) [1169.30 km]
11575) Vast Broadband (Rapid City, SD, United States) [1169.30 km]
24173) Golden West Internet (Rapid City, SD, United States) [1169.30 km]
 5754) Fastmetrics Inc. (San Francisco, CA, United States) [1175.39 km]
17587) Wiline Networks (San Francisco, CA, United States) [1175.39 km]
 5026) AT&T (San Francisco, CA, United States) [1175.39 km]
  603) Unwired (San Francisco, CA, United States) [1175.39 km]
 1783) Comcast (San Francisco, CA, United States) [1175.39 km]
18531) Wave (San Francisco, CA, United States) [1175.39 km]
 8228) Race Communications (San Francisco, CA, United States) [1175.39 km]
13179) University of Wyoming (Laramie, WY, United States) [1175.68 km]
19900) Jefferson Union High School District (Daly City, CA, United States) [1185.98 km]
30222) West River Telecom (Hazen, ND, United States) [1187.07 km]
 6468) Tekify Fiber & Wireless (Fremont, CA, United States) [1187.90 km]
21231) CodecCloud(HK)Limited (Fremont, CA, United States) [1187.90 km]
27781) Converse in Code Networks (Fremont, CA, United States) [1187.90 km]
 5860) Spectrum (Grand Junction, CO, United States) [1196.41 km]
 5613) Colorado Mesa University (Grand Junction, CO, United States) [1196.41 km]
17460) Grand Valley Telecom, Inc (Grand Junction, CO, US) [1196.41 km]
 7019) Midco (Minot, ND, United States) [1201.18 km]
14204) Frontier (Palo Alto, CA, United States) [1203.19 km]
24934) Razzolink Inc (San Jose, CA, United States) [1207.76 km]
11613) KamaTera INC (Santa Clara, CA, United States) [1207.76 km]
25606) Next Level Networks (Santa Clara, CA, United States) [1207.76 km]
32408) EGI Hosting (Santa Clara, CA, United States) [1207.76 km]
17846) Sonic.net, Inc. (San Jose, CA, United States) [1211.07 km]
15786) Sprint (San Jose, CA, United States) [1211.07 km]
11899) Janus Networks (San Jose, CA, United States) [1211.07 km]
16391) Visionary Communications, Inc. (Torrington, WY, United States) [1215.57 km]
 6009) Colorado Mountain College (Glenwood Springs, CO, United States) [1216.53 km]
 3073) AWI networks (St. George, UT, United States) [1220.52 km]
15807) Go Fiber (St. George, UT, United States) [1220.52 km]
 1974) RFNow Inc. (Virden, MB, Canada) [1230.47 km]
14361) unWired Broadband Inc. (Fresno, CA, United States) [1232.69 km]
10137) CenturyLink (Cheyenne, WY, United States) [1237.73 km]
 5859) Spectrum (Cheyenne, WY, United States) [1237.73 km]
 1101) Green House Data (Cheyenne, WY, United States) [1237.73 km]
12027) Cascade Access, Inc (Reliance Connects) (Mesquite, NV, United States) [1242.78 km]
17165) BEK Communications (Mandan, ND, United States) [1250.25 km]
 6349) Cruzio (Santa Cruz, CA, United States) [1250.34 km]
18369) Elevate Fiber (Delta, CO, United States) [1250.40 km]
 5765) Estes Park Webcams (Estes Park, CO, United States) [1251.13 km]
28600) Trailblazer Broadband (Estes Park, CO, United States) [1251.13 km]
14160) BEK Communications (Bismarck, ND, United States) [1258.55 km]
14464) North Dakota ITD (Bismarck, ND, United States) [1258.55 km]
 6515) Midco (Bismarck, ND, United States) [1258.55 km]
10132) CenturyLink (Bismarck, ND, United States) [1258.80 km]
28690) FC Connexion (Fort Collins, CO, United States) [1261.36 km]
28634) ALLO - Scottsbluff (Scottsbluff, NE, United States) [1263.02 km]
 2331) MVDSL (Overton, NV, United States) [1264.51 km]
16120) Vistabeam (Gering, NE, United States) [1266.26 km]
22355) Nunn Telephone Company (Nunn, CO, United States) [1271.39 km]
19003) Valley Communications Association (Pahrump, NV, United States) [1283.27 km]
11393) Elevate Fiber (Montrose, CO, United States) [1290.05 km]
 7178) Clearnetworx.com (Montrose, CO, United States) [1290.05 km]
11777) KPU Telecom / City of Ketchikan (Ketchikan, AK, United States) [1295.09 km]
13529) Switch (Las Vegas, NV, United States) [1295.18 km]
 9056) LV.Net (Las Vegas, NV, United States) [1295.18 km]
16622) Cox - Las Vegas (Las Vegas, NV, United States) [1295.18 km]
 8709) OffsiteDataSync (Las Vegas, NV, United States) [1295.18 km]
17466) HYPER NETWORKS 10G (Las Vegas, NV, US) [1295.18 km]
10156) CenturyLink (Las Vegas, NV, United States) [1295.18 km]
22320) ServerPoint (Las Vegas, NV, United States) [1295.18 km]
  919) Westman Communications (Brandon, MB, Canada) [1300.52 km]
 3425) NetSet Communications (Brandon, MB, Canada) [1300.52 km]
 6786) BEK Communications (Steele, ND, United States) [1322.43 km]
16797) Nitel (Denver, CO, United States) [1332.82 km]
 8862) CenturyLink (Denver, CO, United States) [1332.82 km]
10051) Comcast (Denver, CO, United States) [1332.82 km]
14861) Aerux Broadband (Denver, CO, United States) [1332.82 km]
23971) Starry (Denver, CO, United States) [1332.82 km]
24079) ALLO - Denver (Denver, CO, United States) [1332.82 km]
23628) Whitesky Communications (Denver, CO, United States) [1332.82 km]
20818) Verso Networks (Denver, CO, United States) [1332.82 km]
26545) Mean Servers (Denver, CO, United States) [1332.82 km]
18847) Xiber LLC (Denver, CO, United States) [1332.82 km]
 3964) FORETHOUGHT.net (Denver, CO, United States) [1332.82 km]
19124) Vistabeam (Denver, CO, United States) [1332.82 km]
30511) Visionary Communications, Inc. (Denver, CO, United States) [1332.82 km]
 9912) fdcservers.net (Denver, CO, United States) [1332.82 km]
 7192) Sharktech Inc. (Denver, CO, United States) [1332.82 km]
30495) Town of Mountain Village (Mountain Village, CO, United States) [1335.89 km]
 6202) CCT (Wiggins, CO, United States) [1351.08 km]
16968) Spectrum (Centennial, CO, United States) [1352.20 km]
15524) Viaero Wireless (Fort Morgan, CO, United States) [1366.81 km]
 7722) Dakota Central Telecom (Carrington, ND, United States) [1371.05 km]
32164) Kentec Communications Inc. (Sterling, CO, United States) [1377.65 km]
12858) Midco (Devils Lake, ND, United States) [1381.79 km]
11893) North Dakota Telephone Company (Devils Lake, ND, United States) [1381.79 km]
 3675) FastTrack Communications (Durango, CO, United States) [1396.88 km]
 2403) Spectrum (San Luis Obispo, CA, United States) [1407.05 km]
18854) NTUA Data Center (Shiprock, NM, United States) [1409.17 km]
13650) United Communications (Langdon, ND, United States) [1413.88 km]
10140) CenturyLink (Colorado Springs, CO, United States) [1416.33 km]
21108) StratusIQ (Colorado Springs, CO, United States) [1416.33 km]
19608) PCI Broadband (Colorado Springs, CO, United States) [1416.33 km]
 3223) Race Communications (Mojave, CA, United States) [1420.48 km]
24526) Advanced Wireless (Santa Maria, CA, United States) [1438.87 km]
13259) Valley Fiber (Winkler, MB, Canada) [1443.87 km]
 5791) DRN (Ellendale, ND, United States) [1447.14 km]
 6301) Ciello, Inc. (Monte Vista, CO, United States) [1452.93 km]
15246) BEK Communications (Valley City, ND, United States) [1464.04 km]
14316) Midco (Aberdeen, SD, United States) [1465.83 km]
12531) Northern Valley Communications (Aberdeen, SD, United States) [1465.83 km]
30942) Wavelength LLC (Aberdeen, SD, United States) [1465.83 km]
16144) Bluespan (Flagstaff, AZ, United States) [1470.69 km]
31134) Beulahland Communications (Beulah, CO, United States) [1471.03 km]
 4919) SECOM, Inc (Pueblo, CO, United States) [1475.25 km]
11356) Jade Communications, LLC (Alamosa, CO, United States) [1476.88 km]
12298) Rye Telephone Company (Colorado City, CO, United States) [1485.72 km]
 4244) Shaw Communications (Winnipeg, MB, Canada) [1501.27 km]
17395) Bell Mobility (Winnipeg, MB, Canada) [1501.27 km]
25266) Bell Canada (Winnipeg, MB, Canada) [1501.27 km]
 9015) Bell MTS (Winnipeg, MB, Canada) [1501.27 km]
 1493) Voyageur Internet (Winnipeg, MB, Canada) [1501.27 km]
15936) Full Throttle Networks (Winnipeg, MB, Canada) [1501.27 km]
18692) TELUS (Winnipeg, MB, Canada) [1501.27 km]
 3077) Commstream Communications (Winnipeg, MB, Canada) [1501.27 km]
 4297) LES.NET (Winnipeg, MB, Canada) [1501.27 km]
31020) MERLIN (Winnipeg, MB, Canada) [1501.27 km]
24078) Swift High Speed.com (Winnipeg, MB, Canada) [1502.13 km]
 2402) Spectrum (Monterey Park, CA, United States) [1504.37 km]
15782) Sprint (Burbank, CA, United States) [1504.87 km]
30512) Geolinks (Camarillo, CA, United States) [1505.07 km]
11603) Ultimate Internet Access (Ontario, CA, United States) [1516.29 km]
14236) Frontier (Los Angeles, CA, United States) [1519.17 km]
17249) Wiline Networks (Los Angeles, CA, United States) [1519.17 km]
 5031) AT&T (Los Angeles, CA, United States) [1519.17 km]
16974) Spectrum (Los Angeles, CA, United States) [1519.17 km]
18857) Bel Air Internet LLC (Los Angeles, CA, United States) [1519.17 km]
19230) Hivelocity Hosting (Los Angeles, CA, United States) [1519.17 km]
22471) Aerioconnect Inc. (Los Angeles, CA, United States) [1519.17 km]
18229) Starry, Inc. (Los Angeles, CA, United States) [1519.17 km]
18401) Windstream (Los Angeles, CA, United States) [1519.17 km]
 5905) GigeNET (Los Angeles, CA, United States) [1519.17 km]
22736) Inyo Networks Inc (Los Angeles, CA, United States) [1519.17 km]
 7190) Sharktech Inc. (Los Angeles, CA, United States) [1519.17 km]
21001) 5x5 Telecom (Los Angeles, CA, United States) [1519.17 km]
 9916) fdcservers.net (Los Angeles, CA, United States) [1519.17 km]
13516) Xfernet (Los Angeles, CA, United States) [1519.17 km]
 5303) Host Duplex (Los Angeles, CA, United States) [1519.17 km]
22775) DediPath (Los Angeles, CA, United States) [1519.17 km]
18114) Atlantic Metro (Los Angeles, CA, United States) [1519.17 km]
21363) Enzu Inc. (Los Angeles, CA, United States) [1519.17 km]
21541) i3D.net (Los Angeles, CA, United States) [1519.17 km]
18393) 2degrees (Los Angeles, CA, United States) [1519.17 km]
24286) System Solutions, Inc (Los Angeles, CA, United States) [1519.17 km]
19045) LayeredServer (Los Angeles, CA, United States) [1519.17 km]
 5861) WebNX (Los Angeles, CA, United States) [1519.17 km]
 3864) GeoLinks (Los Angeles, CA, United States) [1519.17 km]
21419) Gemnet LLC (Los Angeles, CA, United States) [1519.17 km]
29150) Genesis Adaptive Hosting, INC. (Los Angeles, CA, United States) [1519.17 km]
31490) CreeperHost LTD (Los Angeles, CA, United States) [1519.17 km]
26812) CodecCloud(HK)Limited (Los Angeles, CA, United States) [1519.17 km]
29590) Netprotect (Los Angeles, CA, United States) [1519.17 km]
 8839) Sparklight (Prescott, AZ, United States) [1519.45 km]
 7016) Midco (Grand Forks, ND, United States) [1519.66 km]
 7017) C3Network.Inc (Diamond Bar, CA, United States) [1523.37 km]
27270) BWTelcom (Benkelman, NE, United States) [1528.21 km]
17806) Sacred Wind Communications (Gallup, NM, United States) [1532.03 km]
17958) Santel Communications (Woonsocket, SD, United States) [1533.50 km]
13654) Sprint (Anaheim, CA, United States) [1541.92 km]
26187) Whitesky Communications LLC (Los Angeles, CA, United States) [1543.32 km]
 7304) Wikstrom Telephone Company (Karlstad, MN, United States) [1550.50 km]
14465) North Dakota ITD (Fargo, ND, United States) [1555.57 km]
 7299) Sparklight (Fargo, ND, United States) [1555.57 km]
 4325) Midco (Fargo, ND, United States) [1555.57 km]
23288) Dakota Carrier Network (Fargo, ND, United States) [1555.60 km]
 2669) 702 Communications (Moorhead, MN, United States) [1557.33 km]
16620) Cox - Orange County (Orange County, CA, United States) [1563.29 km]
 5706) Mitchell Telecom (Mitchell, SD, United States) [1566.47 km]
11794) Vic Innovations, Inc. (Atwood, KS, United States) [1577.57 km]
 7033) Midco (Watertown, SD, United States) [1586.72 km]
21638) Kit Carson Internet (Taos, NM, United States) [1589.79 km]
19337) Brownrice Datacenters (Taos, NM, United States) [1589.79 km]
 3434) S&T Communications (Colby, KS, United States) [1606.18 km]
10367) Alaska Power and Telephone (Juneau, AK, United States) [1623.57 km]
 4841) TheSnowCloud (Juneau, AK, United States) [1623.57 km]
14576) Interstate Telecommunications Coop. Inc. (Clear Lake, SD, United States) [1624.98 km]
17405) Zona Wyyerd (Peoria, AZ, United States) [1629.09 km]
 8214) Swiftel Communications (Brookings, SD, United States) [1633.77 km]
 9686) NMSURF.com (Santa Fe, NM, United States) [1638.08 km]
18002) Cyber Mesa (Santa Fe, NM, United States) [1638.08 km]
 2411) Spectrum (Kearney, NE, United States) [1646.27 km]
 8695) Sparklight (Phoenix, AZ, United States) [1647.05 km]
10394) Speedtest.net (Phoenix, AZ, United States) [1647.05 km]
16613) Cox - Phoenix (Phoenix, AZ, United States) [1647.05 km]
12219) QTS Data Centers (Phoenix, AZ, United States) [1647.05 km]
17614) CyberLynk Network (Phoenix, AZ, United States) [1647.05 km]
 6738) Vivint Wireless (Phoenix, AZ, United States) [1647.05 km]
16331) 1GServers.com (Phoenix, AZ, United States) [1647.05 km]
28800) PhoenixNAP Global IT Services (Phoenix, AZ, United States) [1647.05 km]
15783) Sprint (Phoenix, AZ, United States) [1647.05 km]
29074) IOFLOOD.com Dedicated Servers (Phoenix, AZ, United States) [1647.05 km]
30226) Cytranet (Phoenix, AZ, United States) [1647.05 km]
30415) Janus Networks (Phoenix, AZ, United States) [1647.05 km]
13387) Northwestel (Yellowknife, NT, Canada) [1650.35 km]
 1843) SSI Micro (Yellowknife, NT, Canada) [1650.35 km]
 7032) Midco (Yankton, SD, United States) [1651.57 km]
 3503) Arvig (Perham, MN, United States) [1652.79 km]
16869) Plateau Telecommunications (Albuquerque, NM, United States) [1662.23 km]
 1773) Comcast (Albuquerque, NM, United States) [1662.23 km]
10056) CenturyLink (Albuquerque, NM, United States) [1662.23 km]
  938) CityLink Telecommunications NM (Albuquerque, NM, United States) [1662.23 km]
 5116) AT&T (San Diego, CA, United States) [1666.25 km]
 2426) Spacelink (San Diego, CA, United States) [1666.25 km]
16615) Cox - San Diego (San Diego, CA, United States) [1666.25 km]
10878) M5 Hosting (San Diego, CA, United States) [1666.25 km]
 2969) ScaleMatrix (San Diego, CA, United States) [1666.25 km]
17445) ZTelco (San Diego, CA, US) [1666.25 km]
29471) Janus Networks (San Diego, CA, United States) [1666.25 km]
 8326) Stellar Association, LLC (Brandon, MN, United States) [1667.33 km]
30866) Detroit Network (Chandler, AZ, United States) [1667.75 km]
14355) Midco (Sioux Falls, SD, United States) [1670.00 km]
11390) SDN Communications (Sioux Falls, SD, United States) [1670.00 km]
10169) CenturyLink (Sioux Falls, SD, United States) [1670.00 km]
18370) Vast Broadband (Sioux Falls, SD, United States) [1670.00 km]
29737) Alliance Communications (Brandon, SD, United States) [1679.28 km]
 3419) INFINITUM (Mexicali, Mexico) [1681.27 km]
12693) izzi (Mexicali, Mexico) [1681.27 km]
 7014) Midco (Bemidji, MN, United States) [1686.14 km]
 3634) Paul Bunyan Communications (Bemidji, MN, United States) [1686.14 km]
 7953) AT&T Mexico (Tijuana, Mexico) [1686.96 km]
 3955) Totalplay (Tijuana, Mexico) [1686.96 km]
 6559) TRANSTELCO (Tijuana, Mexico) [1686.96 km]
10039) Mexico Internet Exchange (Tijuana, Mexico) [1686.96 km]
 3193) INFINITUM (Tijuana, Mexico) [1686.96 km]
12882) izzi (Tijuana, Mexico) [1686.96 km]
 6487) West Central Telephone Association (Sebeka, MN, United States) [1688.03 km]
  383) Connecting Point (Norfolk, NE, United States) [1692.05 km]
10610) Kiwi Networks (La Joya, Mexico) [1696.50 km]
28511) ALLO - Hastings (Hastings, NE, United States) [1707.15 km]
32396) BNT Broadband (Wayne, NE, United States) [1711.62 km]
22752) Hamilton Telecommunications (Aurora, NE, United States) [1717.22 km]
11808) Pioneer Communications (Ulysses, KS, United States) [1724.94 km]
 1582) Premier Communications (Sioux Center, IA, United States) [1731.77 km]
16819) FiberComm (Sioux City, IA, United States) [1743.07 km]
 9490) Sparklight (Sioux City, IA, United States) [1743.07 km]
10168) CenturyLink (Sioux City, IA, United States) [1743.07 km]
  937) Long Lines Internet (Sergeant Bluff, IA, United States) [1750.94 km]
14282) Albany Mutual Telephone Association (Albany, MN, United States) [1753.75 km]
 1345) Fort Hays State Univ (Hays, KS, United States) [1757.28 km]
28219) Eagle Broadband Investments, LLC (Hays, KS, United States) [1757.28 km]
 5974) WiaTel (Lawton, IA, United States) [1760.19 km]
 5852) CTC (Brainerd, MN, United States) [1761.01 km]
 1314) Plateau Telecom (Santa Rosa, NM, United States) [1769.33 km]
29735) Vibrant Broadband (Litchfield, MN, United States) [1772.92 km]
 7035) Midco (International Falls, MN, United States) [1778.60 km]
 2656) Spectrum (St Cloud, MN, United States) [1784.71 km]
 4304) PTCI (Guymon, OK, United States) [1790.27 km]
10411) Educational Service Unit 6 (Milford, NE, United States) [1790.35 km]
 3960) United Telephone Association, Inc. (Dodge City, KS, United States) [1794.71 km]
30043) North Central Kansas Community Network/Cunningham Telephone & Cable (Beloit, KS, United States) [1799.05 km]
10321) Spencer Municipal Utilities (Spencer, IA, United States) [1805.05 km]
10170) CenturyLink (Tucson, AZ, United States) [1806.63 km]
  509) Login Inc. (Tucson, AZ, United States) [1806.63 km]
 5288) Bluespan (Tucson, AZ, United States) [1806.63 km]
24000) Nuvera (New Ulm, MN, United States) [1807.18 km]
 8287) Great Plains Communications (Blair, NE, United States) [1813.05 km]
24518) ALLO - Lincoln (Lincoln, NE, United States) [1814.62 km]
 7768) Binary.Net (Lincoln, NE, United States) [1814.62 km]
24721) Future Technologies (Lincoln, NE, United States) [1814.62 km]
24009) Network Nebraska (Lincoln, NE, United States) [1814.62 km]
24308) Infinity 8 Broadband (Lincoln, NE, United States) [1814.62 km]
27553) Windstream (Lincoln, NE, United States) [1814.62 km]
 1768) Comcast (Pima, AZ, United States) [1814.72 km]
13965) Wilson Communications (Wilson, KS, United States) [1817.80 km]
 6975) Fibernet Monticello (Monticello, MN, United States) [1821.95 km]
 9101) Valley Telecom Group (Willcox, AZ, United States) [1833.53 km]
 4400) Northwestel Inc. (Whitehorse, YT, Canada) [1833.55 km]
 7034) Midco (Fairmont, MN, United States) [1833.66 km]
22780) Bluespan (Sahuarita, AZ, United States) [1834.16 km]
 7090) NebraskaLink (Omaha, NE, United States) [1838.33 km]
10160) CenturyLink (Omaha, NE, United States) [1838.33 km]
16621) Cox - Omaha (Omaha, NE, United States) [1838.33 km]
13273) Binary.Net (Omaha, NE, United States) [1838.33 km]
24317) Future Technologies (Omaha, NE, United States) [1838.33 km]
22144) H&B Communications (Holyrood, KS, United States) [1838.87 km]
11436) Educational Service Unit 5 (Beatrice, NE, United States) [1842.63 km]
 6889) Twin Valley Communications (Miltonvale, KS, United States) [1851.81 km]
31878) Northeast service Cooperative (Mountain Iron, MN, United States) [1852.24 km]
 4326) Midco (Cambridge, MN, United States) [1856.17 km]
 2917) US Internet (Minneapolis, MN, United States) [1856.87 km]
24581) fdcservers.net (Minneapolis, MN, United States) [1856.87 km]
30955) NetINS powered by Aureon (Minneapolis, MN, United States) [1856.87 km]
27499) Hennepin Healthcare (Minneapolis, MN, United States) [1856.87 km]
12924) vRad (Eden Prairie, MN, United States) [1861.32 km]
17295) Giant Communications, Inc. (Haviland, KS, United States) [1863.90 km]
 8865) CenturyLink (St. Paul, MN, United States) [1885.79 km]
15870) Sprint (St. Paul, MN, United States) [1885.79 km]
16548) Blue Valley Telecommunications (Home, KS, United States) [1886.14 km]
12035) Mescalero Apache Telecom, Inc. (Mescalero, NM, United States) [1889.77 km]
30492) Gigabit Minnesota (Rosemount, MN, United States) [1891.20 km]
 1271) Plateau Telecom (Clovis, NM, United States) [1892.91 km]
 3224) Amarillo ISD (Amarillo, TX, United States) [1894.62 km]
 5421) Suddenlink Communications LLC (Amarillo, TX, United States) [1894.62 km]
23626) AW Broadband (Amarillo, TX, United States) [1894.62 km]
29153) Axigent Technologies Group (Amarillo, TX, United States) [1894.62 km]
31889) Eagle Broadband Investments, LLC (Abilene, KS, United States) [1897.21 km]
31814) Carleton College (Northfield, MN, United States) [1898.76 km]
16960) Bluespan (Nogales, AZ, US) [1900.89 km]
 3152) TRANSTELCO (Nogales, Mexico) [1900.92 km]
21789) Midco (Ely, MN, United States) [1901.40 km]
13471) Megacable (Nogales, Mexico) [1905.02 km]
 3625) Paul Bunyan Communications (Duluth, MN, United States) [1906.63 km]
10144) CenturyLink (Duluth, MN, United States) [1906.63 km]
 5256) Yucca Telecom (Portales, NM, United States) [1907.21 km]
15292) Tularosa Communications (Alamogordo, NM, United States) [1907.27 km]
20794) IdeaTek Telcom (Hutchinson, KS, United States) [1908.64 km]
31549) Radio Link Internet (Ellendale, MN, United States) [1911.06 km]
 6095) Midwest Data Center (Rock Port, MO, United States) [1921.17 km]
26282) Plateau Telecommunications (Roswell, NM, United States) [1923.74 km]
12158) CL Tel (Clear Lake, IA, United States) [1936.21 km]
27514) Clear Lake Independent Telephone Company (Clear Lake, IA, United States) [1936.21 km]
 3753) Wamego Telephone Company (Wamego, KS, United States) [1941.15 km]
28127) Metronet (Rochester, MN, United States) [1966.83 km]
 1995) ICS Advanced Technologies (Ames, IA, United States) [1970.74 km]
12155) Osage Municipal Telecommunications Utility (Osage, IA, United States) [1971.72 km]
21234) Rainbow Communications (Everest, KS, United States) [1972.66 km]
16623) Cox - Wichita (Wichita, KS, United States) [1974.81 km]
20531) Kansas Research and Education Network (Wichita, KS, United States) [1974.81 km]
11355) Norvado (Cable, WI, United States) [1981.96 km]
13322) Penasco Valley Telecommunications (Artesia, NM, United States) [1982.04 km]
21606) S&A Telephone (Allen, KS, United States) [1986.56 km]
16730) NexGen Communications (Des Moines, IA, US) [1993.38 km]
16031) NetINS powered by Aureon (Des Moines, IA, United States) [1993.38 km]
10143) CenturyLink (Des Moines, IA, United States) [1993.38 km]
11902) IP Pathways, LLC (Urbandale, IA, United States) [1993.38 km]
 6961) Vision Systems LLC (Urbandale, IA, United States) [1993.38 km]
13527) Colo Telephone Company (Colo, IA, United States) [1993.98 km]
20943) United Fiber (Savannah, MO, United States) [1998.71 km]
 5631) TRANSTELCO (El Paso, TX, United States) [1999.39 km]
 6159) TRANSTELCO (Ciudad Juarez, Mexico) [2003.12 km]
16214) Totalplay (Ciudad Juarez, Mexico) [2003.12 km]
12533) izzi (Ciudad Juarez, Mexico) [2003.12 km]
25370) Stered (Ciudad Juarez, Mexico) [2003.12 km]
 5655) Suddenlink Communications LLC (St. Joseph, MO, United States) [2009.44 km]
 9878) Airstream Communications (Eau Claire, WI, United States) [2010.14 km]
 2404) Spectrum (Eau Claire, WI, United States) [2010.14 km]
28639) UWEC (Eau Claire, WI, United States) [2010.14 km]
13551) Waverly Utilities (Waverly, IA, United States) [2022.87 km]
 5428) Hiawatha Broadband Communications, Inc. (Winona, MN, United States) [2028.66 km]
17522) GRM Networks (Leon, IA, US) [2030.22 km]
11478) Cedar Falls Utilities (Cedar Falls, IA, United States) [2033.42 km]
11232) Sprint (Enid, OK, United States) [2036.67 km]
20949) Chisholm Broadband (Enid, OK, United States) [2036.67 km]
12672) Vexus (Lubbock, TX, United States) [2039.44 km]
 5462) Suddenlink Communications LLC (Lubbock, TX, United States) [2039.44 km]
 2273) Region 17 ESC (Lubbock, TX, United States) [2039.44 km]
16736) Readlyn Telephone Company (Readlyn, IA, US) [2041.90 km]
12427) AcenTek-Speedtest1 (Houston, MN, United States) [2044.95 km]
20511) RG Fiber (Baldwin City, KS, United States) [2046.97 km]
13253) GRM Networks (Princeton, MO, United States) [2061.61 km]
17572) Heartland Technology (Jesup, IA, United States) [2064.55 km]
32042) Fiber Wave, LLC (Crosbyton, TX, United States) [2065.90 km]
10155) CenturyLink (La Crosse, WI, United States) [2068.00 km]
17709) Unite Private Networks (Kansas City, MO, United States) [2068.98 km]
21566) Xiber LLC (Kansas City, MO, United States) [2068.98 km]
 5112) AT&T (Kansas City, MO, United States) [2068.98 km]
 8443) Sparklight (Kansas City, MO, United States) [2068.98 km]
13628) Nocix (Kansas City, MO, United States) [2068.98 km]
15423) Kansas Research and Education Network (Kansas City, MO, United States) [2068.98 km]
 8404) Admo.net Managed Hosting (Kansas City, MO, United States) [2068.98 km]
24695) Conexon (Kansas City, MO, United States) [2068.98 km]
10153) CenturyLink (Kansas City, MO, United States) [2068.98 km]
11964) Pioneer Internet (Kingfisher, OK, United States) [2075.12 km]
32348) Xstream Services (Hinton, OK, United States) [2079.74 km]
 8088) Comcast (Independence, MO, United States) [2081.05 km]
10300) Tbaytel (Thunder Bay, ON, Canada) [2085.50 km]
16470) East Buchanan Telephone Coop (Winthrop, IA, United States) [2089.14 km]
15627) Alpine Communications (Elkader, IA, United States) [2096.11 km]
16058) ATC Communications (Atkins, IA, United States) [2102.57 km]
28410) City of Chanute, Kansas (Chanute, KS, United States) [2102.81 km]
 8253) Chickasaw Telecommunications Services, Inc. (Stillwater, OK, United States) [2110.06 km]
21258) Northeast Missouri Rural Telephone (Green City, MO, United States) [2114.72 km]
10134) CenturyLink (Cedar Rapids, IA, United States) [2118.07 km]
26623) ImOn Communications, LLC (Cedar Rapids, IA, United States) [2118.07 km]
16619) Cox - Oklahoma City (Oklahoma City, OK, United States) [2132.66 km]
17751) OneNet (Oklahoma City, OK, US) [2132.66 km]
10942) Dobson Technologies (Oklahoma City, OK, United States) [2132.66 km]
32149) Wake Wireless (Bartlesville, OK, United States) [2134.38 km]
 3194) INFINITUM (Hermosillo, Mexico) [2143.89 km]
 3499) Megacable (Hermosillo, Mexico) [2143.89 km]
 8985) Fidelity Communications (Lawton, OK, United States) [2148.47 km]
10174) CenturyLink (Warrensburg, MO, United States) [2150.13 km]
26169) Cascade Communications (Cascade, IA, United States) [2150.88 km]
 9650) Renaissance Learning, Inc. (Wisconsin Rapids, WI, United States) [2151.23 km]
 6203) Craw-Kan (Girard, KS, United States) [2156.63 km]
21044) OEC Fiber (Norman, OK, United States) [2157.08 km]
 5207) REMC1 (Houghton, MI, United States) [2160.87 km]
24118) RUC LightSpeed (Reedsburg, WI, United States) [2171.51 km]
20328) EDLINK18 (Midland, TX, United States) [2173.15 km]
15271) WesTex Connect (Midland, TX, United States) [2173.15 km]
 5061) Up.Net (Baraga, Mi, United States) [2174.81 km]
 9671) Sparklight (Odessa, TX, United States) [2174.84 km]
11099) Wes-Tex Telephone Coop (Stanton, TX, United States) [2177.22 km]
20013) OneNet (Tulsa, OK, United States) [2177.87 km]
10936) Encore Communications, Inc. (Tulsa, OK, United States) [2177.87 km]
 9166) Optic Communications (Columbus, KS, United States) [2180.63 km]
27619) F&B Communications (Wheatland, IA, United States) [2186.64 km]
15748) Muscatine Power and Water (Muscatine, IA, United States) [2191.98 km]
21020) Marquette-Adams Telephone Cooperative (Oxford, WI, United States) [2193.50 km]
20310) Bellevue Municipal Utilities (Bellevue, IA, United States) [2196.59 km]
21200) BOLT Fiber Optics Services (Vinita, OK, United States) [2197.76 km]
15082) K-PowerNet (Vinita, OK, United States) [2197.76 km]
 1260) BTC Broadband (Bixby, OK, United States) [2200.01 km]
 5518) pinnacle network solutions (Wichita Falls, TX, United States) [2200.74 km]
29817) Otelco (Pilot Grove, MO, United States) [2201.67 km]
 8925) Sparklight (Joplin, MO, United States) [2209.27 km]
25622) Liberty Connect (Joplin, MO, United States) [2209.27 km]
12769) MHTC (Mount Horeb, WI, United States) [2213.63 km]
14227) CS Technologies (Eldridge, IA, United States) [2214.11 km]
29665) ecoLINK (Okmulgee, OK, United States) [2220.76 km]
10145) CenturyLink (Davenport, IA, United States) [2221.40 km]
28135) Metronet (Davenport, IA, United States) [2221.40 km]
30663) Salina Spavinaw Telephone Co. (Salina, OK, United States) [2223.22 km]
 6182) Co-Mo Connect (Tipton, MO, United States) [2225.04 km]
 6663) Community Telephone Co (Windthorst, TX, United States) [2232.33 km]
12935) Hoyos Consulting LLC (Madison, WI, United States) [2236.38 km]
12715) SupraNet Communications Inc. (Madison, WI, United States) [2236.38 km]
31721) 5NINES llc (Madison, WI, United States) [2236.38 km]
 6421) Chrysalis Biosciences Corporation (Madison, WI, United States) [2236.38 km]
10139) CenturyLink (Columbia, MO, United States) [2238.20 km]
 8089) University of Missouri System (Columbia, MO, United States) [2238.60 km]
29413) Socket Telecom, LLC (Columbia, MO, United States) [2238.60 km]
 8252) Chickasaw Telephone Company (Sulphur, OK, United States) [2243.80 km]
 5420) Suddenlink Communications LLC (Abilene, TX, United States) [2256.34 km]
29657) Taylor Telecom (Abilene, TX, United States) [2256.34 km]
15248) WesTex Connect (Abilene, TX, United States) [2256.34 km]
 4756) GeneseoCommunications, Inc. (Geneseo, IL, United States) [2256.58 km]
12901) Arbuckle Communications (Ardmore, OK, United States) [2260.74 km]
 6122) Merit Network, Inc (Marquette, MI, United States) [2262.03 km]
31529) MTC Communications (Colchester, IL, United States) [2263.69 km]
30803) Digital Passage (Graham, TX, United States) [2264.21 km]
 8110) Kingdom Technology Solutions - KTIS (Auxvasse, MO, United States) [2265.51 km]
27731) Sonic Spectrum, Inc (Durand, IL, United States) [2269.78 km]
31400) SITE Telecom (Guaymas, Mexico) [2271.06 km]
 5309) Nsight (Green Bay, WI, United States) [2281.75 km]
17414) goBEC Fiber Network (Cassville, MO, US) [2282.28 km]
  910) SpringNet (Springfield, MO, United States) [2286.14 km]
17566) Syndeo Solutions (Springfield, MO, US) [2286.14 km]
29242) FiberOptics R US LLC (Springfield, MO, United States) [2286.14 km]
25512) Bertram Communications (Iron Ridge, WI, United States) [2287.01 km]
 5041) Nortex Communications (Muenster, TX, United States) [2290.04 km]
 2005) Total Highspeed Internet Services (Nixa, MO, United States) [2295.62 km]
10601) Cordova Telecom Cooperative (Cordova, AK, United States) [2302.80 km]
11939) Missouricom (New Florence, MO, United States) [2304.48 km]
29097) #RazorbackWiFi (Fayetteville, AR, United States) [2304.70 km]
11629) OzarksGo (Fayetteville, AR, United States) [2307.12 km]
 6186) DiamondNet (Sallisaw, OK, United States) [2309.68 km]
 5426) Suddenlink Communications LLC (San Angelo, TX, United States) [2309.75 km]
 5901) Region 15 ESC (San Angelo, TX, United States) [2309.75 km]
29495) COSMOCARRIER (Aldama Chihuahua, Mexico) [2319.69 km]
12852) CableAmerica (St. Robert, MO, United States) [2321.22 km]
17681) Bertram Communications (Random Lake, WI, US) [2323.48 km]
12468) Cherokee Communications (Calera, OK, United States) [2324.84 km]
  789) Ethoplex (Germantown, WI, United States) [2325.34 km]
16502) Cass Communications Mgmt, Inc. (Virginia, IL, United States) [2332.89 km]
30412) Gateway Fiber (Troy, MO, United States) [2334.03 km]
 6915) i3 Broadband (East Peoria, IL, United States) [2334.86 km]
 7673) Stratus Networks (Peoria, IL, United States) [2334.86 km]
 3292) TRANSTELCO (Chihuahua, Mexico) [2335.65 km]
15959) Totalplay (Chihuahua, Mexico) [2335.65 km]
 3341) INFINITUM (Chihuahua, Mexico) [2335.65 km]
32519) EnlaceWifi (Chihuahua, Mexico) [2335.65 km]
26409) Nidix Networks (Chihuahua, Mexico) [2335.65 km]
14641) Northern Illinois University (Dekalb, IL, United States) [2337.14 km]
21223) Metronet (Sycamore, IL, United States) [2339.02 km]
 3349) INFINITUM (Obregon, Mexico) [2339.09 km]
26738) Wave Rural Connect, LLC. (Van Buren, AR, United States) [2340.91 km]
17462) CyberLynk Network (Milwaukee, WI, United States) [2345.53 km]
29156) Ethoplex, LLC (Milwaukee, WI, United States) [2345.53 km]
32207) 5NINES llc (Milwaukee, WI, United States) [2345.53 km]
28854) MTCO Communications (Metamora, IL, United States) [2349.48 km]
20166) 360 Broadband (Antlers, OK, United States) [2351.79 km]
26650) 1source (Keller, TX, United States) [2359.47 km]
 8638) Pinnacle Communications (Lavaca, AR, United States) [2360.15 km]
 1409) Copper Valley Internet (Valdez, AK, United States) [2360.31 km]
 8986) Fidelity Communications (Sullivan, MO, United States) [2369.09 km]
 2391) Spectrum (Olivette, MO, United States) [2370.44 km]
27472) Meramec Interactive Services Network (Steelville, MO, United States) [2370.57 km]
 2409) Spectrum (Fort Worth, TX, United States) [2371.87 km]
13682) QTS Data Centers (Fort Worth, TX, United States) [2371.87 km]
11184) Sprint (Fort Worth, TX, United States) [2371.87 km]
12947) Metronet (Oswego, IL, United States) [2378.88 km]
16469) Vinakom Communications (Schaumburg, IL, United States) [2381.89 km]
22832) Bays ET Highspeed Internet Service (Pacific, MO, United States) [2381.96 km]
 5900) GigeNET (Arlington Heights, IL, United States) [2386.61 km]
12880) CableAmerica (Maryland Heights, MO, United States) [2390.17 km]
 3898) CIRBN LLC (Normal, IL, United States) [2391.69 km]
15161) Genesis Adaptive Hosting, Inc. (Elk Grove Village, IL, United States) [2391.74 km]
12664) Metronet (Bloomington, IL, United States) [2393.08 km]
10158) CenturyLink (Mansfield, TX, United States) [2396.43 km]
22288) Hivelocity Hosting (Dallas, TX, United States) [2397.93 km]
17386) Windstream (Dallas, TX, United States) [2398.88 km]
 8706) Sparklight (Dallas, TX, United States) [2398.88 km]
12190) Nitel (Dallas, TX, United States) [2398.88 km]
14238) Frontier (Dallas, TX, United States) [2398.88 km]
21365) Enzu Inc. (Dallas, TX, United States) [2398.88 km]
11207) Sprint (Dallas, TX, United States) [2398.88 km]
 3501) Skybeam (Dallas, TX, United States) [2398.88 km]
28452) GMCHosting LLC (Dallas, TX, United States) [2398.88 km]
27804) Transtelco (Dallas, TX, United States) [2398.88 km]
10142) CenturyLink (Dallas, TX, United States) [2398.88 km]
32225) 903 Broadband (Leonard, TX, United States) [2398.88 km]
 5023) AT&T (Richardson, TX, United States) [2400.46 km]
31585) Nidix Networks (Delicias, Mexico) [2403.94 km]
 3911) Yelcot (Gassville, AR, United States) [2405.08 km]
31860) Contabo (St. Louis, MO, United States) [2412.13 km]
 5108) AT&T (St. Louis, MO, United States) [2412.23 km]
 4557) Elite Fiber (St. Louis, MO, United States) [2412.23 km]
 5025) AT&T (Cicero, IL, United States) [2412.63 km]
14228) Frontier (Chicago, IL, United States) [2421.07 km]
17384) Windstream (Chicago, IL, United States) [2421.07 km]
 1776) Comcast (Chicago, IL, United States) [2421.07 km]
10135) CenturyLink (Chicago, IL, United States) [2421.07 km]
 7467) The Fusion Network (Chicago, IL, United States) [2421.07 km]
23097) Whitesky Communications LLC (Chicago, IL, United States) [2421.07 km]
22109) i3D.net (Chicago, IL, United States) [2421.07 km]
12012) Sprint (Chicago, IL, United States) [2421.07 km]
14489) QTS Data Centers (Chicago, IL, United States) [2421.07 km]
21364) Enzu Inc. (Chicago, IL, United States) [2421.07 km]
11750) fdcservers.net (Chicago, IL, United States) [2421.07 km]
 2574) ServerCentral (Chicago, IL, United States) [2421.07 km]
 5919) tzulo, inc (Chicago, IL, United States) [2421.07 km]
15912) XenSpec (Chicago, IL, United States) [2421.07 km]
19052) Syndeo Networks INC (Chicago, IL, United States) [2421.07 km]
28363) Xiber LLC (Chicago, IL, United States) [2421.07 km]
20530) Metapeer (Chicago, IL, United States) [2421.07 km]
29414) HiPOINT Technology Services (Chicago, IL, United States) [2421.07 km]
 6907) CTI Fiber (Taylorville, IL, United States) [2424.12 km]
 1972) Urban Communications, Inc. (Oak Forest, IL, United States) [2428.09 km]
12392) Arkwest Communications (Danville, AR, United States) [2433.51 km]
24517) Harrisonville Telephone Company (Waterloo, IL, United States) [2433.74 km]
26594) Arkansas Tech University (Russellville, AR, United States) [2434.16 km]
26149) NEXT, Powered By NAEC (Salem, AR, United States) [2445.13 km]
 4528) 186networks (Traverse City, MI, United States) [2451.28 km]
30745) Cherry Capital Communications (Elk Rapids, MI, United States) [2462.04 km]
 1366) Surf Air Wireless (Cedar Lake, IN, United States) [2462.57 km]
 5295) Pavlov Media (Champaign, IL, United States) [2467.46 km]
21620) Hearst Connect (Hearst, ON, Canada) [2467.68 km]
23151) Volo Broadband (Urbana, IL, United States) [2471.58 km]
25743) Truestream (Boyne City, MI, United States) [2480.76 km]
12502) AcenTek-Speedtest2 (Allendale, MI, United States) [2483.43 km]
 2406) Spectrum (Allendale, MI, United States) [2483.43 km]
10154) CenturyLink (Killeen, TX, United States) [2489.03 km]
10094) Vertical Broadband LLC (Delta Junction, AK, United States) [2492.94 km]
 6201) Conway Corporation (Conway, AR, United States) [2494.38 km]
11131) Indco Cable TV INC (Batesville, AR, United States) [2500.27 km]
13345) Hill Country Telephone Coop (Ingram, TX, United States) [2500.82 km]
10274) Summit Digital (McBain, MI, United States) [2503.36 km]
26933) American Fiber Network (Teutopolis, IL, United States) [2507.65 km]
22488) ETEX (Gilmer, TX, United States) [2516.93 km]
 2300) Southwest Arkansas Telephone Coop (Texarkana, AR, United States) [2518.22 km]
 6125) Merit Network, Inc (Grand Rapids, MI, United States) [2520.04 km]
14595) OffsiteDataSync (Grand Rapids, MI, United States) [2520.04 km]
 2036) Bloomingdale Communications (Bloomingdale, MI, United States) [2524.25 km]
16198) Wabash Communications (Louisville, IL, United States) [2525.34 km]
 5229) Suddenlink Communications LLC (Tyler, TX, United States) [2526.23 km]
24445) Nidix Networks (Hidalgo del Parral, Mexico) [2526.27 km]
27803) South Central Connect (Arkadelphia, AR, United States) [2527.32 km]
26913) Comcast (Little Rock, AR, United States) [2528.83 km]
27552) Windstream (Little Rock, AR, United States) [2528.83 km]
10159) CenturyLink (Little Rock, AR, United States) [2528.83 km]
 8792) Fidelity Communications (Shannon Hills, AR, United States) [2533.07 km]
 5342) Suddenlink Communications LLC (Georgetown, TX, United States) [2533.42 km]
14162) University of Notre Dame (Notre Dame, IN, United States) [2535.70 km]
16770) Fourway.NET (South Bend, IN, US) [2535.74 km]
  980) Alaska Communications (Anchorage, AK, United States) [2538.50 km]
21386) GCI - Anchorage (Anchorage, AK, United States) [2538.50 km]
 8265) Midwest Connections (Cassopolis, MI, United States) [2542.54 km]
 3372) INFINITUM (Los Mochis, Mexico) [2545.84 km]
24014) Sparklight (Dexter, MO, United States) [2547.21 km]
10822) Hamilton County Communications (Dahlgren, IL, United States) [2548.43 km]
  808) Casair, Inc (Stanton, MI, United States) [2549.79 km]
12226) Purdue University (West Lafayette, IN, United States) [2550.74 km]
16899) Wintek Corporation (Lafayette, IN, US) [2553.66 km]
31359) Paragould Light Water and Cable (Paragould, AR, United States) [2559.53 km]
 2111) MEI.net (Delton, MI, United States) [2560.16 km]
 1062) Winn Telecom (Mount Pleasant, MI, United States) [2560.52 km]
  735) CMS Internet (Mount Pleasant, MI, United States) [2560.52 km]
12907) Ritter Communications (Jonesboro, AR, United States) [2561.98 km]
 5226) Arkansas State University (Jonesboro, AR, United States) [2561.98 km]
29166) Empower Broadband (Jonesboro, AR, United States) [2561.98 km]
 5419) Suddenlink Communications LLC (Jonesboro, AR, United States) [2561.98 km]
15429) Empower Broadband (Brookland, AR, United States) [2564.65 km]
 5024) AT&T (Austin, TX, United States) [2565.82 km]
11208) Sprint (Austin, TX, United States) [2565.82 km]
16089) University of Texas, Austin (Austin, TX, United States) [2565.82 km]
19887) Education Service Center, Region 13 (Austin, TX, United States) [2565.82 km]
19408) Joink, LLC (Terre Haute, IN, United States) [2566.20 km]
 8766) Fidelity Communications (Marshall, TX, United States) [2567.00 km]
 7683) SPITwSPOTS (Homer, AK, United States) [2567.14 km]
19914) goSEMO Fiber (Sikeston, MO, United States) [2568.15 km]
19113) Carr Communications Co (Branch, MI, United States) [2573.31 km]
 5516) CTS Telecom (Climax, MI, United States) [2577.64 km]
 5107) AT&T (San Antonio, TX, United States) [2601.48 km]
 9041) VTX 1 (San Antonio, TX, United States) [2601.48 km]
11209) Sprint (San Antonio, TX, United States) [2601.48 km]
10995) Shawnee Communications (Equality, IL, United States) [2602.14 km]
 6123) Merit Network, Inc (Alpena, MI, United States) [2602.25 km]
24017) Sparklight (Vincennes, IN, United States) [2603.73 km]
20875) ZochNet (Lincoln, TX, United States) [2605.67 km]
10165) CenturyLink (Shreveport, LA, United States) [2608.91 km]
10951) Endeavor Communications (Cloverdale, IN, United States) [2609.25 km]
 5626) Suddenlink Communications LLC (Bossier, LA, United States) [2613.26 km]
 6924) Spartan Net (East Lansing, MI, United States) [2614.10 km]
 1005) ACD.net (Lansing, MI, United States) [2614.10 km]
 5404) Suddenlink Communications LLC (College Station, TX, United States) [2616.04 km]
23449) Texas A&M University, College of Engineering (College Station, TX, United States) [2616.04 km]
 7684) PPS Fibernet (Paducah, KY, United States) [2624.05 km]
 3798) Daystarr Communications (Owosso, MI, United States) [2630.15 km]
12665) Smithville Communications (Ellettsville, IN, United States) [2637.70 km]
26571) RTC Communications (Montgomery, IN, United States) [2639.02 km]
21949) SCI FIBER (Martinsville, IN, United States) [2641.19 km]
 9560) Metronet (Indianapolis, IN, United States) [2641.63 km]
11441) LightBound (Indianapolis, IN, United States) [2641.63 km]
 5115) AT&T (Indianapolis, IN, United States) [2641.63 km]
10152) CenturyLink (Indianapolis, IN, United States) [2641.63 km]
 6795) Unlimited Net, LLC (Indianapolis, IN, United States) [2641.63 km]
11186) Midwest-IX (Indianapolis, IN, United States) [2641.63 km]
 4987) BridgeMAXX (Indianapolis, IN, United States) [2641.63 km]
 8738) Xiber LLC (Indianapolis, IN, United States) [2641.63 km]
 4170) Metronet (Evansville, IN, United States) [2644.59 km]
13113) WK&T/WKNET (Mayfield, KY, United States) [2645.08 km]
23269) Mayfield Electric Plant Board (Mayfield, KY, United States) [2645.08 km]
26472) Colorado Valley Communications (La Grange, TX, United States) [2645.90 km]
14230) Frontier (Fort Wayne, IN, United States) [2648.51 km]
30488) Smithville Communications (Bloomington, IN, United States) [2648.91 km]
 9342) Sam Houston State University (Huntsville, TX, United States) [2650.20 km]
28620) Ritter Communications (Millington, TN, United States) [2651.90 km]
26915) Comcast (Memphis, TN, United States) [2655.02 km]
31354) NorthernTel (Timmins, ON, Canada) [2658.48 km]
21382) Sherwood Mutual Telephone Association LLC (Hicksville, OH, United States) [2665.96 km]
23545) University of Michigan-Flint (Flint, MI, United States) [2666.11 km]
11546) NineStar Connect (Greenfield, IN, United States) [2670.04 km]
26616) Tachus Fiber Internet (Montgomery, TX, United States) [2670.94 km]
16471) Gibson Electric Membership Corporation (Trenton, TN, United States) [2674.59 km]
30516) Murray Electric (Murray, KY, United States) [2677.76 km]
23516) Orange County Fiber (Orleans, IN, United States) [2683.75 km]
10539) Perry Spencer Communications (St Meinrad, IN, United States) [2686.89 km]
14992) 1Tennessee (Humboldt, TN, United States) [2687.45 km]
21434) LivCom (Livingston, TX, United States) [2688.20 km]
 5343) Suddenlink Communications LLC (Conroe, TX, United States) [2691.26 km]
28847) ICTX WaveMedia (Conroe, TX, United States) [2691.26 km]
31014) Tachus Fiber Internet (Conroe, TX, United States) [2691.26 km]
 8590) Megacable (La Paz, Mexico) [2693.96 km]
12393) University of Michigan (Ann Arbor, MI, United States) [2694.37 km]
 5709) Merit Network, Inc (Ann Arbor, MI, United States) [2694.37 km]
 3371) INFINITUM (Culiacan, Mexico) [2695.77 km]
11456) Megacable (Culiacan, Mexico) [2695.77 km]
26174) Arthur Mutual Telephone (Defiance, OH, United States) [2696.74 km]
21703) Jackson Co REMC (Brownstown, IN, United States) [2701.22 km]
31012) Tachus Fiber Internet (The Woodlands, TX, United States) [2704.32 km]
21796) Jackson Energy Authority (Jackson, TN, United States) [2707.08 km]
21879) Inetking Internet Services (Cleveland, TX, United States) [2711.18 km]
31044) SkyRider Communications (West Monroe, LA, United States) [2712.81 km]
 8640) Northwestern State University (Natchitoches, LA, United States) [2713.82 km]
 1450) D&P Communications (Petersburg, MI, United States) [2714.68 km]
24016) Sparklight (Monroe, LA, United States) [2715.39 km]
 7306) Tachus Fiber Internet (Spring, TX, United States) [2718.52 km]
23267) HES EnergyNet (Hopkinsville, KY, United States) [2719.54 km]
16973) Spectrum (Livonia, MI, United States) [2719.97 km]
 6346) Wayne RESA (Wayne, MI, United States) [2721.45 km]
30921) TVIFiber (Batesville, MS, United States) [2723.12 km]
 6124) Merit Network, Inc (Southfield, MI, United States) [2723.82 km]
15044) 123.Net, Inc. (Southfield, MI, United States) [2723.82 km]
10414) Tele-Media Solutions (New Pekin, IN, United States) [2725.02 km]
 7552) ManagedWay Company (Troy, MI, United States) [2726.01 km]
23009) Clear Rate Communications (Troy, MI, United States) [2726.01 km]
14818) TecInfo Communications, LLC (Leland, MS, United States) [2726.29 km]
22119) Smartcom Telephone, LLC (Laredo, TX, United States) [2729.83 km]
 7491) VTX 1 (Laredo, TX, United States) [2729.83 km]
17627) LISD (Laredo, TX, US) [2729.83 km]
31015) Tachus Fiber Internet (Kingwood, TX, United States) [2730.81 km]
 3357) INFINITUM (Nuevo Laredo, Mexico) [2734.29 km]
12054) Active Solutions Group (Dearborn, MI, United States) [2735.29 km]
 1298) Amplex (Toledo, OH, United States) [2736.42 km]
14107) Vianet (Sudbury, ON, Canada) [2738.70 km]
28978) Infinium (Victoria, TX, United States) [2738.93 km]
24018) Sparklight (Wharton, TX, United States) [2743.26 km]
15476) Rocket Fiber (Detroit, MI, United States) [2744.63 km]
17755) Wayne State University (Detroit, MI, United States) [2744.63 km]
 5114) AT&T (Detroit, MI, United States) [2744.63 km]
 1778) Comcast (Detroit, MI, United States) [2744.63 km]
11878) CNI (Wapakoneta, OH, United States) [2745.36 km]
31868) Southern Broadband (Houston, TX, United States) [2745.46 km]
 5032) AT&T (Houston, TX, United States) [2745.61 km]
 1763) Comcast (Houston, TX, United States) [2745.61 km]
11772) En-Touch Systems Inc. (Houston, TX, United States) [2745.61 km]
10151) CenturyLink (Houston, TX, United States) [2745.61 km]
 7340) ICTX WaveMedia (Houston, TX, United States) [2745.61 km]
25206) PS Lightwave, Inc (Houston, TX, United States) [2745.61 km]
26652) fdcservers.net (Houston, TX, United States) [2745.61 km]
30898) Phonoscope (Houston, TX, United States) [2745.61 km]
 6439) The University of Mississippi (Oxford, MS, United States) [2748.45 km]
20916) MNSi Telecom (Windsor, ON, Canada) [2750.28 km]
 3361) INFINITUM (Torreon, Mexico) [2750.59 km]
 3547) Megacable (Torreon, Mexico) [2750.59 km]
 7071) Miami University of Ohio (Oxford, OH, United States) [2761.33 km]
15633) Russellville EPB (Russellville, KY, United States) [2764.34 km]
18387) MB Link - City of Mont Belvieu (Mont Belvieu, TX, United States) [2765.93 km]
32246) Brandenburg Telephone (Radcliff, KY, United States) [2770.08 km]
 9246) Belzoni Cable, LLC (Belzoni, MS, United States) [2770.73 km]
11505) Gosfield North Communications (Cottam, ON, Canada) [2775.97 km]
12222) HuronTel (Ripley, ON, Canada) [2778.63 km]
30824) Bowling Green Municipal Utilities (Bowling Green, KY, United States) [2785.89 km]
 5160) Bluegrass Network LLC (Bowling Green, KY, United States) [2787.69 km]
10723) MaxxSouth Broadband (Pontotoc, MS, United States) [2793.15 km]
23114) MLConnect (Centerville, TN, United States) [2793.29 km]
13010) Franklin Electric Plant Board (Franklin, KY, United States) [2794.75 km]
 9623) Sparklight (Winona, MS, United States) [2799.71 km]
12325) Cincinnati Bell Telephone (Cincinnati, OH, United States) [2802.26 km]
 5667) Hay Communications (Zurich, ON, Canada) [2802.71 km]
24344) JTM Broadband, LLC (Hohenwald, TN, United States) [2802.99 km]
 6178) MVECA (Yellow Springs, OH, United States) [2808.18 km]
32026) Driftwood Networks Inc (Seaforth, ON, Canada) [2814.51 km]
 7492) VTX 1 (Corpus Christi, TX, United States) [2815.98 km]
 5109) AT&T (Nashville, TN, United States) [2816.30 km]
 1764) Comcast (Nashville, TN, United States) [2816.30 km]
15779) Sprint (Nashville, TN, United States) [2816.30 km]
14078) iRis Networks (Nashville, TN, United States) [2816.30 km]
21555) Cedarville University (Cedarville, OH, United States) [2818.04 km]
28197) South Central Rural Telecommunications (Glasgow, KY, United States) [2825.52 km]
 1317) Wightman (Clifford, ON, Canada) [2828.27 km]
 4861) Quadro Communications Co-operative Inc (Kirkton, ON, Canada) [2830.21 km]
10959) FTC (Fulton, MS, United States) [2832.28 km]
 5197) Mitchell Seaforth Cable TV (Dublin, ON, Canada) [2832.59 km]
 5436) Suddenlink Communications LLC (Lake Charles, LA, United States) [2835.83 km]
32539) Lorettotel Tel (Loretto, TN, United States) [2843.44 km]
 4895) North Central Telephone Coop (Lafayette, TN, United States) [2847.46 km]
20266) Consolidated Cooperative (Mount Gilead, OH, United States) [2848.33 km]
10727) Mornington Communications Ltd (Milverton, ON, Canada) [2849.15 km]
12159) LARG*net (London, ON, Canada) [2849.68 km]
24930) Start.ca (London, ON, Canada) [2849.68 km]
17094) United Communications [TN] (Chapel Hill, TN, United States) [2858.67 km]
 2630) C Spire Fiber (Jackson, MS, United States) [2859.78 km]
11790) TEC (Jackson, MS, United States) [2859.78 km]
29474) Netlink Voice (Jackson, MS, United States) [2859.78 km]
 3407) INFINITUM (Durango, Mexico) [2864.61 km]
24484) COSMOCARRIER (Durango, Mexico) [2864.61 km]
20158) Metronet (Lexington, KY, United States) [2865.53 km]
 4309) Mikrotec Internet Services (Lexington, KY, United States) [2865.53 km]
27835) Windstream (Lexington, KY, United States) [2865.53 km]
 3340) INFINITUM (Saltillo, Mexico) [2865.71 km]
 3641) TRANSTELCO (Saltillo, Mexico) [2865.71 km]
32552) Alitech (Santa Catarina, Mexico) [2865.74 km]
 4471) Mississippi State University (Mississippi State, MS, United States) [2866.13 km]
16969) Spectrum (Columbus, OH, United States) [2866.62 km]
 7168) Time Warner Cable (Columbus, OH, United States) [2866.62 km]
24678) CloudPropeller.com (Columbus, OH, United States) [2866.62 km]
21896) Bresco Broadband (Columbus, OH, United States) [2866.62 km]
 8779) Totalplay (Apodaca, Mexico) [2867.05 km]
14502) Neoclan Networks (Monterrey, Mexico) [2870.29 km]
16553) Freedom Fiber (Hamilton, AL, United States) [2871.18 km]
 1793) AXTEL (Monterrey, Mexico) [2873.00 km]
 3195) INFINITUM (Monterrey, Mexico) [2873.00 km]
 5942) Television Internacional (Monterrey, Mexico) [2873.00 km]
10471) Movistar (Monterrey, Mexico) [2873.00 km]
 7946) AT&T Mexico (Monterrey, Mexico) [2873.00 km]
29412) IZZI (Monterrey, Mexico) [2873.00 km]
14134) Sardis Telecom - Courtland (Courtland, AL, United States) [2881.34 km]
24458) DataCity (Waterloo, ON, Canada) [2883.59 km]
22208) Packetworks (Waterloo, ON, Canada) [2883.59 km]
 3187) Twin Lakes Telephone Cooperative (Gainesboro, TN, United States) [2885.15 km]
29934) Twin Lakes (Gainesboro, TN, United States) [2885.15 km]
 5111) AT&T (Cleveland, OH, United States) [2887.91 km]
15062) Cleveland Broadband (Cleveland, OH, United States) [2887.91 km]
10138) CenturyLink (Cleveland, OH, United States) [2887.91 km]
28962) Everstream (Cleveland, OH, United States) [2887.91 km]
27834) Windstream (Cleveland, OH, United States) [2887.91 km]
 3354) INFINITUM (Mazatlan, Mexico) [2892.73 km]
30489) Fayetteville Public Utilities (Fayetteville, TN, United States) [2900.17 km]
 3635) LUS Fiber (Lafayette, LA, United States) [2909.36 km]
 3920) Tullahoma Utilities Board (Tullahoma, TN, United States) [2911.66 km]
 7490) VTX 1 (Raymondville, TX, United States) [2915.46 km]
16333) Star Communications (Maringouin, LA, United States) [2918.48 km]
22118) Smartcom Telephone, LLC (McAllen, TX, United States) [2919.56 km]
 7482) VTX 1 (McAllen, TX, United States) [2919.56 km]
 3358) INFINITUM (Reynosa, Mexico) [2928.95 km]
 3155) TRANSTELCO (Reynosa, Mexico) [2928.95 km]
20738) Gigabit Communications LLC (Harlingen, TX, United States) [2947.68 km]